                                      1 ;--------------------------------------------------------
                                      2 ; File Created by SDCC : free open source ANSI-C Compiler
                                      3 ; Version 4.2.0 #13081 (Linux)
                                      4 ;--------------------------------------------------------
                                      5 	.module main
                                      6 	.optsdcc -mstm8
                                      7 	
                                      8 ;--------------------------------------------------------
                                      9 ; Public variables in this module
                                     10 ;--------------------------------------------------------
                                     11 	.globl _main
                                     12 	.globl _forth
                                     13 	.globl _forthData
                                     14 	.globl _forthUser
                                     15 ;--------------------------------------------------------
                                     16 ; ram data
                                     17 ;--------------------------------------------------------
                                     18 	.area DATA
                           000030    19 _forthUser	=	0x0030
                           000080    20 _forthData	=	0x0080
                                     21 ;--------------------------------------------------------
                                     22 ; ram data
                                     23 ;--------------------------------------------------------
                                     24 	.area INITIALIZED
                                     25 ;--------------------------------------------------------
                                     26 ; Stack segment in internal ram
                                     27 ;--------------------------------------------------------
                                     28 	.area	SSEG
      000000                         29 __start__stack:
      000000                         30 	.ds	1
                                     31 
                                     32 ;--------------------------------------------------------
                                     33 ; absolute external ram data
                                     34 ;--------------------------------------------------------
                                     35 	.area DABS (ABS)
                                     36 
                                     37 ; default segment ordering for linker
                                     38 	.area HOME
                                     39 	.area GSINIT
                                     40 	.area GSFINAL
                                     41 	.area CONST
                                     42 	.area INITIALIZER
                                     43 	.area CODE
                                     44 
                                     45 ;--------------------------------------------------------
                                     46 ; interrupt vector
                                     47 ;--------------------------------------------------------
                                     48 	.area HOME
      000000                         49 __interrupt_vect:
      000000 82v00u00u00             50 	int s_GSINIT ; reset
      000004 82 00 00 00             51 	int 0x000000 ; trap
      000008 82 00 00 00             52 	int 0x000000 ; int0
      00000C 82 00 00 00             53 	int 0x000000 ; int1
      000010 82 00 00 00             54 	int 0x000000 ; int2
      000014 82v00u00u00             55 	int _EXTI0_IRQHandler ; int3
      000018 82v00u00u00             56 	int _EXTI1_IRQHandler ; int4
      00001C 82v00u00u00             57 	int _EXTI2_IRQHandler ; int5
      000020 82v00u00u00             58 	int _EXTI3_IRQHandler ; int6
      000024 82v00u00u00             59 	int _EXTI4_IRQHandler ; int7
      000028 82 00 00 00             60 	int 0x000000 ; int8
      00002C 82 00 00 00             61 	int 0x000000 ; int9
      000030 82 00 00 00             62 	int 0x000000 ; int10
      000034 82v00u00u00             63 	int _TIM1_IRQHandler ; int11
      000038 82 00 00 00             64 	int 0x000000 ; int12
      00003C 82v00u00u00             65 	int _TIM2_IRQHandler ; int13
      000040 82 00 00 00             66 	int 0x000000 ; int14
      000044 82v00u00u00             67 	int _TIM3_IRQHandler ; int15
      000048 82 00 00 00             68 	int 0x000000 ; int16
      00004C 82 00 00 00             69 	int 0x000000 ; int17
      000050 82 00 00 00             70 	int 0x000000 ; int18
      000054 82 00 00 00             71 	int 0x000000 ; int19
      000058 82 00 00 00             72 	int 0x000000 ; int20
      00005C 82 00 00 00             73 	int 0x000000 ; int21
      000060 82 00 00 00             74 	int 0x000000 ; int22
      000064 82v00u00u00             75 	int _TIM4_IRQHandler ; int23
                                     76 ;--------------------------------------------------------
                                     77 ; global & static initialisations
                                     78 ;--------------------------------------------------------
                                     79 	.area HOME
                                     80 	.area GSINIT
                                     81 	.area GSFINAL
                                     82 	.area GSINIT
      000000                         83 __sdcc_init_data:
                                     84 ; stm8_genXINIT() start
      000000 AEr00r00         [ 2]   85 	ldw x, #l_DATA
      000003 27 07            [ 1]   86 	jreq	00002$
      000005                         87 00001$:
      000005 72 4FuFFuFF      [ 1]   88 	clr (s_DATA - 1, x)
      000009 5A               [ 2]   89 	decw x
      00000A 26 F9            [ 1]   90 	jrne	00001$
      00000C                         91 00002$:
      00000C AEr00r00         [ 2]   92 	ldw	x, #l_INITIALIZER
      00000F 27 09            [ 1]   93 	jreq	00004$
      000011                         94 00003$:
      000011 D6uFFuFF         [ 1]   95 	ld	a, (s_INITIALIZER - 1, x)
      000014 D7uFFuFF         [ 1]   96 	ld	(s_INITIALIZED - 1, x), a
      000017 5A               [ 2]   97 	decw	x
      000018 26 F7            [ 1]   98 	jrne	00003$
      00001A                         99 00004$:
                                    100 ; stm8_genXINIT() end
                                    101 	.area GSFINAL
      000000 CCr00r68         [ 2]  102 	jp	__sdcc_program_startup
                                    103 ;--------------------------------------------------------
                                    104 ; Home
                                    105 ;--------------------------------------------------------
                                    106 	.area HOME
                                    107 	.area HOME
      000068                        108 __sdcc_program_startup:
      000068 CCr00r00         [ 2]  109 	jp	_main
                                    110 ;	return from main will return to caller
                                    111 ;--------------------------------------------------------
                                    112 ; code
                                    113 ;--------------------------------------------------------
                                    114 	.area CODE
                                    115 ;	main.c: 20: void main(void)
                                    116 ;	-----------------------------------------
                                    117 ;	 function main
                                    118 ;	-----------------------------------------
      000000                        119 _main:
                                    120 ;	main.c: 24: forth();              // the Forth REPL never returns
                                    121 ;	main.c: 28: }
      000000 CCr00r00         [ 2]  122 	jp	_forth
                                    123 	.area CODE
                                    124 	.area CONST
                                    125 	.area INITIALIZER
                                    126 	.area CABS (ABS)
